<?xml version="1.0" encoding="UTF-8"?>
<!-- Generated by org.testng.reporters.JUnitXMLReporter -->
<testsuite ignored="0" hostname="NIDHI" failures="0" tests="3" name="Default test" time="21.567" errors="0" timestamp="2024-06-20T11:41:44 IST">
  <testcase classname="testScenarios.SauceLabsTest" name="login" time="5.637"/>
  <testcase classname="testScenarios.SauceLabsTest" name="checkoutItems" time="4.616"/>
  <testcase classname="testScenarios.SauceLabsTest" name="logout" time="2.187"/>
</testsuite> <!-- Default test -->
