<?xml version="1.0" encoding="UTF-8"?>
<!-- Generated by org.testng.reporters.JUnitXMLReporter -->
<testsuite ignored="0" hostname="NIDHI" failures="0" tests="3" name="Test" time="15.674" errors="0" timestamp="2024-06-20T11:38:46 IST">
  <testcase classname="testScenarios.SauceLabsTest" name="login" time="6.242"/>
  <testcase classname="testScenarios.SauceLabsTest" name="checkoutItems" time="4.584"/>
  <testcase classname="testScenarios.SauceLabsTest" name="logout" time="2.223"/>
</testsuite> <!-- Test -->
