<?xml version="1.0" encoding="UTF-8"?>
<testng-results ignored="0" total="3" passed="3" failed="0" skipped="0">
  <reporter-output>
  </reporter-output>
  <suite started-at="2024-06-20T11:41:22 IST" name="Default suite" finished-at="2024-06-20T11:41:44 IST" duration-ms="21567">
    <groups>
    </groups>
    <test started-at="2024-06-20T11:41:22 IST" name="Default test" finished-at="2024-06-20T11:41:44 IST" duration-ms="21567">
      <class name="testScenarios.SauceLabsTest">
        <test-method is-config="true" signature="setUp()[pri:0, instance:testScenarios.SauceLabsTest@1a6d8329]" started-at="2024-06-20T11:41:22 IST" name="setUp" finished-at="2024-06-20T11:41:31 IST" duration-ms="8710" status="PASS">
          <reporter-output>
          </reporter-output>
        </test-method> <!-- setUp -->
        <test-method signature="login()[pri:1, instance:testScenarios.SauceLabsTest@1a6d8329]" started-at="2024-06-20T11:41:31 IST" name="login" finished-at="2024-06-20T11:41:37 IST" duration-ms="5637" status="PASS">
          <reporter-output>
          </reporter-output>
        </test-method> <!-- login -->
        <test-method signature="checkoutItems()[pri:2, instance:testScenarios.SauceLabsTest@1a6d8329]" started-at="2024-06-20T11:41:37 IST" name="checkoutItems" finished-at="2024-06-20T11:41:41 IST" duration-ms="4616" status="PASS">
          <reporter-output>
          </reporter-output>
        </test-method> <!-- checkoutItems -->
        <test-method signature="logout()[pri:3, instance:testScenarios.SauceLabsTest@1a6d8329]" started-at="2024-06-20T11:41:41 IST" name="logout" finished-at="2024-06-20T11:41:43 IST" duration-ms="2187" status="PASS">
          <reporter-output>
          </reporter-output>
        </test-method> <!-- logout -->
        <test-method is-config="true" signature="tearDown()[pri:0, instance:testScenarios.SauceLabsTest@1a6d8329]" started-at="2024-06-20T11:41:43 IST" name="tearDown" finished-at="2024-06-20T11:41:44 IST" duration-ms="334" status="PASS">
          <reporter-output>
          </reporter-output>
        </test-method> <!-- tearDown -->
      </class> <!-- testScenarios.SauceLabsTest -->
    </test> <!-- Default test -->
  </suite> <!-- Default suite -->
</testng-results>
